{
  "uid" : "4eb5ac61681e68e3",
  "name" : "test_normal_login",
  "fullName" : "test_cases.test_user_management.test_add_user.TestAddUser#test_normal_login",
  "historyId" : "7006e2f7968905b204fcb6e8d24a2441",
  "time" : {
    "start" : 1577259107245,
    "stop" : 1577259110336,
    "duration" : 3091
  },
  "description" : "\n        用例描述：输入编号，姓名，账号名，选择所属结构，正常新增用户\n        :return:\n        ",
  "descriptionHtml" : "<pre><code>    用例描述：输入编号，姓名，账号名，选择所属结构，正常新增用户\n    :return:\n</code></pre>\n",
  "status" : "passed",
  "flaky" : true,
  "beforeStages" : [ {
    "name" : "normal_login",
    "time" : {
      "start" : 1577259105548,
      "stop" : 1577259107238,
      "duration" : 1690
    },
    "status" : "passed",
    "steps" : [ {
      "name" : "步骤1：到达登录页面",
      "time" : {
        "start" : 1577259105550,
        "stop" : 1577259106579,
        "duration" : 1029
      },
      "status" : "passed",
      "steps" : [ ],
      "attachments" : [ ],
      "parameters" : [ ],
      "hasContent" : false,
      "stepsCount" : 0,
      "attachmentsCount" : 0,
      "shouldDisplayMessage" : false
    }, {
      "name" : "步骤2：输入账号，密码，验证码",
      "time" : {
        "start" : 1577259106579,
        "stop" : 1577259107170,
        "duration" : 591
      },
      "status" : "passed",
      "steps" : [ ],
      "attachments" : [ ],
      "parameters" : [ {
        "name" : "account",
        "value" : "'admin'"
      }, {
        "name" : "password",
        "value" : "'admin123'"
      }, {
        "name" : "verification_code",
        "value" : "'1111'"
      } ],
      "hasContent" : true,
      "stepsCount" : 0,
      "attachmentsCount" : 0,
      "shouldDisplayMessage" : false
    }, {
      "name" : "步骤3：点击登录按钮",
      "time" : {
        "start" : 1577259107170,
        "stop" : 1577259107238,
        "duration" : 68
      },
      "status" : "passed",
      "steps" : [ ],
      "attachments" : [ ],
      "parameters" : [ ],
      "hasContent" : false,
      "stepsCount" : 0,
      "attachmentsCount" : 0,
      "shouldDisplayMessage" : false
    } ],
    "attachments" : [ ],
    "parameters" : [ ],
    "hasContent" : true,
    "stepsCount" : 3,
    "attachmentsCount" : 0,
    "shouldDisplayMessage" : false
  }, {
    "name" : "state_login_class",
    "time" : {
      "start" : 1577259105547,
      "stop" : 1577259105548,
      "duration" : 1
    },
    "status" : "passed",
    "steps" : [ ],
    "attachments" : [ ],
    "parameters" : [ ],
    "hasContent" : false,
    "stepsCount" : 0,
    "attachmentsCount" : 0,
    "shouldDisplayMessage" : false
  }, {
    "name" : "database_base_configuration",
    "time" : {
      "start" : 1577259102199,
      "stop" : 1577259102307,
      "duration" : 108
    },
    "status" : "passed",
    "steps" : [ {
      "name" : "清空数据库",
      "time" : {
        "start" : 1577259102200,
        "stop" : 1577259102274,
        "duration" : 74
      },
      "status" : "passed",
      "steps" : [ ],
      "attachments" : [ ],
      "parameters" : [ ],
      "hasContent" : false,
      "stepsCount" : 0,
      "attachmentsCount" : 0,
      "shouldDisplayMessage" : false
    }, {
      "name" : "新增基础数据",
      "time" : {
        "start" : 1577259102275,
        "stop" : 1577259102306,
        "duration" : 31
      },
      "status" : "passed",
      "steps" : [ ],
      "attachments" : [ ],
      "parameters" : [ ],
      "hasContent" : false,
      "stepsCount" : 0,
      "attachmentsCount" : 0,
      "shouldDisplayMessage" : false
    } ],
    "attachments" : [ ],
    "parameters" : [ ],
    "hasContent" : true,
    "stepsCount" : 2,
    "attachmentsCount" : 0,
    "shouldDisplayMessage" : false
  }, {
    "name" : "state_user_management_class",
    "time" : {
      "start" : 1577259107238,
      "stop" : 1577259107238,
      "duration" : 0
    },
    "status" : "passed",
    "steps" : [ ],
    "attachments" : [ ],
    "parameters" : [ ],
    "hasContent" : false,
    "stepsCount" : 0,
    "attachmentsCount" : 0,
    "shouldDisplayMessage" : false
  }, {
    "name" : "state_driver",
    "time" : {
      "start" : 1577259102307,
      "stop" : 1577259105544,
      "duration" : 3237
    },
    "status" : "passed",
    "steps" : [ ],
    "attachments" : [ ],
    "parameters" : [ ],
    "hasContent" : false,
    "stepsCount" : 0,
    "attachmentsCount" : 0,
    "shouldDisplayMessage" : false
  } ],
  "testStage" : {
    "description" : "\n        用例描述：输入编号，姓名，账号名，选择所属结构，正常新增用户\n        :return:\n        ",
    "status" : "passed",
    "steps" : [ {
      "name" : "点击用户管理",
      "time" : {
        "start" : 1577259107245,
        "stop" : 1577259108440,
        "duration" : 1195
      },
      "status" : "passed",
      "steps" : [ ],
      "attachments" : [ ],
      "parameters" : [ ],
      "hasContent" : false,
      "stepsCount" : 0,
      "attachmentsCount" : 0,
      "shouldDisplayMessage" : false
    }, {
      "name" : "1.点击添加2.输入编号3.输入姓名4.输入账号",
      "time" : {
        "start" : 1577259108440,
        "stop" : 1577259108908,
        "duration" : 468
      },
      "status" : "passed",
      "steps" : [ ],
      "attachments" : [ ],
      "parameters" : [ {
        "name" : "serial_number",
        "value" : "'1'"
      }, {
        "name" : "name",
        "value" : "'test'"
      }, {
        "name" : "account",
        "value" : "'test1'"
      } ],
      "hasContent" : true,
      "stepsCount" : 0,
      "attachmentsCount" : 0,
      "shouldDisplayMessage" : false
    }, {
      "name" : "选择所属机构",
      "time" : {
        "start" : 1577259108908,
        "stop" : 1577259109118,
        "duration" : 210
      },
      "status" : "passed",
      "steps" : [ ],
      "attachments" : [ ],
      "parameters" : [ ],
      "hasContent" : false,
      "stepsCount" : 0,
      "attachmentsCount" : 0,
      "shouldDisplayMessage" : false
    }, {
      "name" : "点击确定",
      "time" : {
        "start" : 1577259109119,
        "stop" : 1577259109235,
        "duration" : 116
      },
      "status" : "passed",
      "steps" : [ ],
      "attachments" : [ ],
      "parameters" : [ ],
      "hasContent" : false,
      "stepsCount" : 0,
      "attachmentsCount" : 0,
      "shouldDisplayMessage" : false
    }, {
      "name" : "验证序号",
      "time" : {
        "start" : 1577259109236,
        "stop" : 1577259110278,
        "duration" : 1042
      },
      "status" : "passed",
      "steps" : [ ],
      "attachments" : [ ],
      "parameters" : [ ],
      "hasContent" : false,
      "stepsCount" : 0,
      "attachmentsCount" : 0,
      "shouldDisplayMessage" : false
    }, {
      "name" : "验证新增人员姓名",
      "time" : {
        "start" : 1577259110278,
        "stop" : 1577259110305,
        "duration" : 27
      },
      "status" : "passed",
      "steps" : [ ],
      "attachments" : [ ],
      "parameters" : [ ],
      "hasContent" : false,
      "stepsCount" : 0,
      "attachmentsCount" : 0,
      "shouldDisplayMessage" : false
    }, {
      "name" : "验证新增人员账号名",
      "time" : {
        "start" : 1577259110305,
        "stop" : 1577259110335,
        "duration" : 30
      },
      "status" : "passed",
      "steps" : [ ],
      "attachments" : [ ],
      "parameters" : [ ],
      "hasContent" : false,
      "stepsCount" : 0,
      "attachmentsCount" : 0,
      "shouldDisplayMessage" : false
    } ],
    "attachments" : [ {
      "uid" : "996fdb6178893b10",
      "name" : "stdout",
      "source" : "996fdb6178893b10.txt",
      "type" : "text/plain",
      "size" : 1442
    } ],
    "parameters" : [ ],
    "hasContent" : true,
    "stepsCount" : 7,
    "attachmentsCount" : 1,
    "shouldDisplayMessage" : false
  },
  "afterStages" : [ ],
  "labels" : [ {
    "name" : "story",
    "value" : "这是一个测试正常新增的case"
  }, {
    "name" : "feature",
    "value" : "成员管理"
  }, {
    "name" : "parentSuite",
    "value" : "test_cases.test_user_management"
  }, {
    "name" : "suite",
    "value" : "test_add_user"
  }, {
    "name" : "subSuite",
    "value" : "TestAddUser"
  }, {
    "name" : "host",
    "value" : "kouhuideMacBook-Air.local"
  }, {
    "name" : "thread",
    "value" : "70310-MainThread"
  }, {
    "name" : "framework",
    "value" : "pytest"
  }, {
    "name" : "language",
    "value" : "cpython3"
  }, {
    "name" : "package",
    "value" : "test_cases.test_user_management.test_add_user"
  }, {
    "name" : "resultFormat",
    "value" : "allure2"
  } ],
  "parameters" : [ ],
  "links" : [ ],
  "hidden" : false,
  "retry" : false,
  "extra" : {
    "severity" : "normal",
    "retries" : [ {
      "uid" : "21a151bdfc789cc2",
      "status" : "broken",
      "statusDetails" : "selenium.common.exceptions.WebDriverException: Message: unknown error: Element <button>...</button> is not clickable at point (548, 521). Other element would receive the click: <div class=\"__view\" style=\"position: relative; box-sizing: border-box; min-width: 100%; min-height: 100%; width: -webkit-fit-content;\">...</div>\n  (Session info: chrome=79.0.3945.88)\n  (Driver info: chromedriver=2.44.609545 (c2f88692e98ce7233d2df7c724465ecacfe74df5),platform=Mac OS X 10.14.0 x86_64)",
      "time" : {
        "start" : 1577259060152,
        "stop" : 1577259061866,
        "duration" : 1714
      }
    }, {
      "uid" : "280186646ec871e9",
      "status" : "broken",
      "statusDetails" : "selenium.common.exceptions.WebDriverException: Message: unknown error: Element <button>...</button> is not clickable at point (548, 521). Other element would receive the click: <div class=\"__view\" style=\"position: relative; box-sizing: border-box; min-width: 100%; min-height: 100%; width: -webkit-fit-content;\">...</div>\n  (Session info: chrome=79.0.3945.88)\n  (Driver info: chromedriver=2.44.609545 (c2f88692e98ce7233d2df7c724465ecacfe74df5),platform=Mac OS X 10.14.0 x86_64)",
      "time" : {
        "start" : 1577258956724,
        "stop" : 1577258958533,
        "duration" : 1809
      }
    }, {
      "uid" : "937ceedb69e0bb79",
      "status" : "failed",
      "statusDetails" : "AssertionError: assert 1 == '1'\n +  where '1' = <bound method UserManagementAddOperate.assert_add_user_serial_number of <OperationalLayer.UserManagement.userManagementAddOperate.UserManagementAddOperate object at 0x10e5830b8>>()\n +    where <bound method UserManagementAddOperate.assert_add_user_serial_number of <OperationalLayer.UserManagement.userManagementAddOperate.UserManagementAddOperate object at 0x10e5830b8>> = <OperationalLayer.UserManagement.userManagementAddOperate.UserManagementAddOperate object at 0x10e5830b8>.assert_add_user_serial_number",
      "time" : {
        "start" : 1577258891102,
        "stop" : 1577258893241,
        "duration" : 2139
      }
    }, {
      "uid" : "78a4a0fd1e51f146",
      "status" : "passed",
      "time" : {
        "start" : 1577257861430,
        "stop" : 1577257863560,
        "duration" : 2130
      }
    }, {
      "uid" : "350bb6fc57890dd6",
      "status" : "passed",
      "time" : {
        "start" : 1577257808985,
        "stop" : 1577257810676,
        "duration" : 1691
      }
    }, {
      "uid" : "cb289f8a3f1a2ab8",
      "status" : "broken",
      "statusDetails" : "selenium.common.exceptions.WebDriverException: Message: unknown error: Element <button>...</button> is not clickable at point (548, 521). Other element would receive the click: <div class=\"__view\" style=\"position: relative; box-sizing: border-box; min-width: 100%; min-height: 100%; width: -webkit-fit-content;\">...</div>\n  (Session info: chrome=79.0.3945.88)\n  (Driver info: chromedriver=2.44.609545 (c2f88692e98ce7233d2df7c724465ecacfe74df5),platform=Mac OS X 10.14.0 x86_64)",
      "time" : {
        "start" : 1577257712783,
        "stop" : 1577257714221,
        "duration" : 1438
      }
    }, {
      "uid" : "c6f4e8b0195e7366",
      "status" : "passed",
      "time" : {
        "start" : 1577257375187,
        "stop" : 1577257376758,
        "duration" : 1571
      }
    }, {
      "uid" : "90804c9d7c2a378",
      "status" : "broken",
      "statusDetails" : "selenium.common.exceptions.TimeoutException: Message:",
      "time" : {
        "start" : 1577257335826,
        "stop" : 1577257348116,
        "duration" : 12290
      }
    }, {
      "uid" : "9f48c35aaf5a30ff",
      "status" : "broken",
      "statusDetails" : "selenium.common.exceptions.ElementNotVisibleException: Message: element not interactable\n  (Session info: chrome=79.0.3945.88)\n  (Driver info: chromedriver=2.44.609545 (c2f88692e98ce7233d2df7c724465ecacfe74df5),platform=Mac OS X 10.14.0 x86_64)",
      "time" : {
        "start" : 1577256971734,
        "stop" : 1577256973621,
        "duration" : 1887
      }
    }, {
      "uid" : "32fc30d93dc5c789",
      "status" : "broken",
      "statusDetails" : "selenium.common.exceptions.WebDriverException: Message: unknown error: Element <button>...</button> is not clickable at point (548, 521). Other element would receive the click: <div class=\"__view\" style=\"position: relative; box-sizing: border-box; min-width: 100%; min-height: 100%; width: -webkit-fit-content;\">...</div>\n  (Session info: chrome=79.0.3945.88)\n  (Driver info: chromedriver=2.44.609545 (c2f88692e98ce7233d2df7c724465ecacfe74df5),platform=Mac OS X 10.14.0 x86_64)",
      "time" : {
        "start" : 1577256883139,
        "stop" : 1577256884987,
        "duration" : 1848
      }
    }, {
      "uid" : "331f8d40d7865907",
      "status" : "broken",
      "statusDetails" : "selenium.common.exceptions.TimeoutException: Message:",
      "time" : {
        "start" : 1577256832965,
        "stop" : 1577256844948,
        "duration" : 11983
      }
    }, {
      "uid" : "392ab2bd1b4e4738",
      "status" : "broken",
      "statusDetails" : "selenium.common.exceptions.ElementNotVisibleException: Message: element not interactable\n  (Session info: chrome=79.0.3945.88)\n  (Driver info: chromedriver=2.44.609545 (c2f88692e98ce7233d2df7c724465ecacfe74df5),platform=Mac OS X 10.14.0 x86_64)",
      "time" : {
        "start" : 1577256599465,
        "stop" : 1577256600667,
        "duration" : 1202
      }
    }, {
      "uid" : "e23352f085ef63ed",
      "status" : "broken",
      "statusDetails" : "selenium.common.exceptions.ElementNotVisibleException: Message: element not interactable\n  (Session info: chrome=79.0.3945.88)\n  (Driver info: chromedriver=2.44.609545 (c2f88692e98ce7233d2df7c724465ecacfe74df5),platform=Mac OS X 10.14.0 x86_64)",
      "time" : {
        "start" : 1577256354025,
        "stop" : 1577256355380,
        "duration" : 1355
      }
    }, {
      "uid" : "c70ecdcf41dca2fa",
      "status" : "broken",
      "statusDetails" : "selenium.common.exceptions.WebDriverException: Message: unknown error: Element <input type=\"text\" readonly=\"readonly\" placeholder=\"请选择\" class=\"selliinp\"> is not clickable at point (643, 416). Other element would receive the click: <div data-v-7386db1c=\"\" class=\"frame scale-enter-active scale-enter-to\" style=\"\">...</div>\n  (Session info: chrome=79.0.3945.88)\n  (Driver info: chromedriver=2.44.609545 (c2f88692e98ce7233d2df7c724465ecacfe74df5),platform=Mac OS X 10.14.0 x86_64)",
      "time" : {
        "start" : 1577256245058,
        "stop" : 1577256246817,
        "duration" : 1759
      }
    }, {
      "uid" : "d792dc8cca46ffa0",
      "status" : "broken",
      "statusDetails" : "selenium.common.exceptions.TimeoutException: Message:",
      "time" : {
        "start" : 1577255089848,
        "stop" : 1577255101090,
        "duration" : 11242
      }
    }, {
      "uid" : "a035c57cf871e492",
      "status" : "broken",
      "statusDetails" : "selenium.common.exceptions.TimeoutException: Message:",
      "time" : {
        "start" : 1577255036424,
        "stop" : 1577255047586,
        "duration" : 11162
      }
    }, {
      "uid" : "ed720e5c07e764ef",
      "status" : "broken",
      "statusDetails" : "selenium.common.exceptions.TimeoutException: Message:",
      "time" : {
        "start" : 1577254711742,
        "stop" : 1577254722808,
        "duration" : 11066
      }
    }, {
      "uid" : "ddf677698e9a13c0",
      "status" : "broken",
      "statusDetails" : "selenium.common.exceptions.TimeoutException: Message:",
      "time" : {
        "start" : 1577254353255,
        "stop" : 1577254364135,
        "duration" : 10880
      }
    }, {
      "uid" : "c84821eb67330caf",
      "status" : "broken",
      "statusDetails" : "selenium.common.exceptions.TimeoutException: Message:",
      "time" : {
        "start" : 1577254055004,
        "stop" : 1577254065891,
        "duration" : 10887
      }
    }, {
      "uid" : "d969e9a552448771",
      "status" : "broken",
      "statusDetails" : "selenium.common.exceptions.TimeoutException: Message:",
      "time" : {
        "start" : 1577253856183,
        "stop" : 1577253866542,
        "duration" : 10359
      }
    } ],
    "categories" : [ ],
    "tags" : [ ]
  },
  "source" : "4eb5ac61681e68e3.json",
  "parameterValues" : [ ]
}