{
  "uid" : "d6b51eef7fc8fe1c",
  "name" : "test_modify_user",
  "fullName" : "test_cases.test_user_management.test_modify_user.TestModifyUser#test_modify_user",
  "historyId" : "effe78ce3d1bc0e6bd194ba76e776d7b",
  "time" : {
    "start" : 1577327097445,
    "stop" : 1577327097445,
    "duration" : 0
  },
  "description" : "\n        用例描述：修改用户姓名，正常修改\n        :return:\n        ",
  "descriptionHtml" : "<pre><code>    用例描述：修改用户姓名，正常修改\n    :return:\n</code></pre>\n",
  "status" : "broken",
  "statusMessage" : "selenium.common.exceptions.WebDriverException: Message: unknown error: Element <button>...</button> is not clickable at point (548, 521). Other element would receive the click: <div class=\"__view\" style=\"position: relative; box-sizing: border-box; min-width: 100%; min-height: 100%; width: -webkit-fit-content;\">...</div>\n  (Session info: chrome=79.0.3945.88)\n  (Driver info: chromedriver=2.44.609545 (c2f88692e98ce7233d2df7c724465ecacfe74df5),platform=Mac OS X 10.14.0 x86_64)",
  "statusTrace" : "state_add_user_management_class = <OperationalLayer.UserManagement.userManagementAddOperate.UserManagementAddOperate object at 0x109bcacf8>\n\n    @pytest.fixture()\n    def add_user(state_add_user_management_class):\n        state_add_user_management_class.click_user_management()\n        state_add_user_management_class.add_user(modify_user_name_data.modify_user_name_data['serial_num'],\n                                                 modify_user_name_data.modify_user_name_data['name'],\n                                                 modify_user_name_data.modify_user_name_data['account'])\n        state_add_user_management_class.choose_organization()\n>       state_add_user_management_class.confirm()\n\ntest_cases/test_user_management/conftest.py:45: \n_ _ _ _ _ _ _ _ _ _ _ _ _ _ _ _ _ _ _ _ _ _ _ _ _ _ _ _ _ _ _ _ _ _ _ _ _ _ _ _ _ _ _ _ _ _ _ _ _ _ _ _ _ _ _ _ _ _ _ _ _ _ _ _ _ _ _ _ _ _ _ _ _ _ _ _ _ _ _ _ _ _ _ _ _ _ _ _ _ _ _ _ _ _ _ _ _\nOperationalLayer/UserManagement/userManagementAddOperate.py:32: in confirm\n    self.click(UserManagementElement.add_user_confirm_button)\nBase/base.py:51: in click\n    ele.click()\n../../../Documents/python/ui-automation/venv/lib/python3.6/site-packages/selenium/webdriver/remote/webelement.py:80: in click\n    self._execute(Command.CLICK_ELEMENT)\n../../../Documents/python/ui-automation/venv/lib/python3.6/site-packages/selenium/webdriver/remote/webelement.py:633: in _execute\n    return self._parent.execute(command, params)\n../../../Documents/python/ui-automation/venv/lib/python3.6/site-packages/selenium/webdriver/remote/webdriver.py:321: in execute\n    self.error_handler.check_response(response)\n_ _ _ _ _ _ _ _ _ _ _ _ _ _ _ _ _ _ _ _ _ _ _ _ _ _ _ _ _ _ _ _ _ _ _ _ _ _ _ _ _ _ _ _ _ _ _ _ _ _ _ _ _ _ _ _ _ _ _ _ _ _ _ _ _ _ _ _ _ _ _ _ _ _ _ _ _ _ _ _ _ _ _ _ _ _ _ _ _ _ _ _ _ _ _ _ _\n\nself = <selenium.webdriver.remote.errorhandler.ErrorHandler object at 0x109bdb748>\nresponse = {'sessionId': 'c15400daa2785feb8cb13842db6bb9d6', 'status': 13, 'value': {'message': 'unknown error: Element <button>.... (Driver info: chromedriver=2.44.609545 (c2f88692e98ce7233d2df7c724465ecacfe74df5),platform=Mac OS X 10.14.0 x86_64)'}}\n\n    def check_response(self, response):\n        \"\"\"\n        Checks that a JSON response from the WebDriver does not have an error.\n    \n        :Args:\n         - response - The JSON response from the WebDriver server as a dictionary\n           object.\n    \n        :Raises: If the response contains an error message.\n        \"\"\"\n        status = response.get('status', None)\n        if status is None or status == ErrorCode.SUCCESS:\n            return\n        value = None\n        message = response.get(\"message\", \"\")\n        screen = response.get(\"screen\", \"\")\n        stacktrace = None\n        if isinstance(status, int):\n            value_json = response.get('value', None)\n            if value_json and isinstance(value_json, basestring):\n                import json\n                try:\n                    value = json.loads(value_json)\n                    if len(value.keys()) == 1:\n                        value = value['value']\n                    status = value.get('error', None)\n                    if status is None:\n                        status = value[\"status\"]\n                        message = value[\"value\"]\n                        if not isinstance(message, basestring):\n                            value = message\n                            message = message.get('message')\n                    else:\n                        message = value.get('message', None)\n                except ValueError:\n                    pass\n    \n        exception_class = ErrorInResponseException\n        if status in ErrorCode.NO_SUCH_ELEMENT:\n            exception_class = NoSuchElementException\n        elif status in ErrorCode.NO_SUCH_FRAME:\n            exception_class = NoSuchFrameException\n        elif status in ErrorCode.NO_SUCH_WINDOW:\n            exception_class = NoSuchWindowException\n        elif status in ErrorCode.STALE_ELEMENT_REFERENCE:\n            exception_class = StaleElementReferenceException\n        elif status in ErrorCode.ELEMENT_NOT_VISIBLE:\n            exception_class = ElementNotVisibleException\n        elif status in ErrorCode.INVALID_ELEMENT_STATE:\n            exception_class = InvalidElementStateException\n        elif status in ErrorCode.INVALID_SELECTOR \\\n                or status in ErrorCode.INVALID_XPATH_SELECTOR \\\n                or status in ErrorCode.INVALID_XPATH_SELECTOR_RETURN_TYPER:\n            exception_class = InvalidSelectorException\n        elif status in ErrorCode.ELEMENT_IS_NOT_SELECTABLE:\n            exception_class = ElementNotSelectableException\n        elif status in ErrorCode.ELEMENT_NOT_INTERACTABLE:\n            exception_class = ElementNotInteractableException\n        elif status in ErrorCode.INVALID_COOKIE_DOMAIN:\n            exception_class = InvalidCookieDomainException\n        elif status in ErrorCode.UNABLE_TO_SET_COOKIE:\n            exception_class = UnableToSetCookieException\n        elif status in ErrorCode.TIMEOUT:\n            exception_class = TimeoutException\n        elif status in ErrorCode.SCRIPT_TIMEOUT:\n            exception_class = TimeoutException\n        elif status in ErrorCode.UNKNOWN_ERROR:\n            exception_class = WebDriverException\n        elif status in ErrorCode.UNEXPECTED_ALERT_OPEN:\n            exception_class = UnexpectedAlertPresentException\n        elif status in ErrorCode.NO_ALERT_OPEN:\n            exception_class = NoAlertPresentException\n        elif status in ErrorCode.IME_NOT_AVAILABLE:\n            exception_class = ImeNotAvailableException\n        elif status in ErrorCode.IME_ENGINE_ACTIVATION_FAILED:\n            exception_class = ImeActivationFailedException\n        elif status in ErrorCode.MOVE_TARGET_OUT_OF_BOUNDS:\n            exception_class = MoveTargetOutOfBoundsException\n        elif status in ErrorCode.JAVASCRIPT_ERROR:\n            exception_class = JavascriptException\n        elif status in ErrorCode.SESSION_NOT_CREATED:\n            exception_class = SessionNotCreatedException\n        elif status in ErrorCode.INVALID_ARGUMENT:\n            exception_class = InvalidArgumentException\n        elif status in ErrorCode.NO_SUCH_COOKIE:\n            exception_class = NoSuchCookieException\n        elif status in ErrorCode.UNABLE_TO_CAPTURE_SCREEN:\n            exception_class = ScreenshotException\n        elif status in ErrorCode.ELEMENT_CLICK_INTERCEPTED:\n            exception_class = ElementClickInterceptedException\n        elif status in ErrorCode.INSECURE_CERTIFICATE:\n            exception_class = InsecureCertificateException\n        elif status in ErrorCode.INVALID_COORDINATES:\n            exception_class = InvalidCoordinatesException\n        elif status in ErrorCode.INVALID_SESSION_ID:\n            exception_class = InvalidSessionIdException\n        elif status in ErrorCode.UNKNOWN_METHOD:\n            exception_class = UnknownMethodException\n        else:\n            exception_class = WebDriverException\n        if value == '' or value is None:\n            value = response['value']\n        if isinstance(value, basestring):\n            if exception_class == ErrorInResponseException:\n                raise exception_class(response, value)\n            raise exception_class(value)\n        if message == \"\" and 'message' in value:\n            message = value['message']\n    \n        screen = None\n        if 'screen' in value:\n            screen = value['screen']\n    \n        stacktrace = None\n        if 'stackTrace' in value and value['stackTrace']:\n            stacktrace = []\n            try:\n                for frame in value['stackTrace']:\n                    line = self._value_or_default(frame, 'lineNumber', '')\n                    file = self._value_or_default(frame, 'fileName', '<anonymous>')\n                    if line:\n                        file = \"%s:%s\" % (file, line)\n                    meth = self._value_or_default(frame, 'methodName', '<anonymous>')\n                    if 'className' in frame:\n                        meth = \"%s.%s\" % (frame['className'], meth)\n                    msg = \"    at %s (%s)\"\n                    msg = msg % (meth, file)\n                    stacktrace.append(msg)\n            except TypeError:\n                pass\n        if exception_class == ErrorInResponseException:\n            raise exception_class(response, message)\n        elif exception_class == UnexpectedAlertPresentException:\n            alert_text = None\n            if 'data' in value:\n                alert_text = value['data'].get('text')\n            elif 'alert' in value:\n                alert_text = value['alert'].get('text')\n            raise exception_class(message, screen, stacktrace, alert_text)\n>       raise exception_class(message, screen, stacktrace)\nE       selenium.common.exceptions.WebDriverException: Message: unknown error: Element <button>...</button> is not clickable at point (548, 521). Other element would receive the click: <div class=\"__view\" style=\"position: relative; box-sizing: border-box; min-width: 100%; min-height: 100%; width: -webkit-fit-content;\">...</div>\nE         (Session info: chrome=79.0.3945.88)\nE         (Driver info: chromedriver=2.44.609545 (c2f88692e98ce7233d2df7c724465ecacfe74df5),platform=Mac OS X 10.14.0 x86_64)\n\n../../../Documents/python/ui-automation/venv/lib/python3.6/site-packages/selenium/webdriver/remote/errorhandler.py:242: WebDriverException",
  "flaky" : false,
  "newFailed" : false,
  "beforeStages" : [ {
    "name" : "state_driver",
    "time" : {
      "start" : 1577327097721,
      "stop" : 1577327101289,
      "duration" : 3568
    },
    "status" : "passed",
    "steps" : [ ],
    "attachments" : [ ],
    "parameters" : [ ],
    "stepsCount" : 0,
    "attachmentsCount" : 0,
    "shouldDisplayMessage" : false,
    "hasContent" : false
  }, {
    "name" : "normal_login",
    "time" : {
      "start" : 1577327101293,
      "stop" : 1577327103160,
      "duration" : 1867
    },
    "status" : "passed",
    "steps" : [ {
      "name" : "步骤1：到达登录页面",
      "time" : {
        "start" : 1577327101295,
        "stop" : 1577327102366,
        "duration" : 1071
      },
      "status" : "passed",
      "steps" : [ ],
      "attachments" : [ ],
      "parameters" : [ ],
      "stepsCount" : 0,
      "attachmentsCount" : 0,
      "shouldDisplayMessage" : false,
      "hasContent" : false
    }, {
      "name" : "步骤2：输入账号，密码，验证码",
      "time" : {
        "start" : 1577327102366,
        "stop" : 1577327103078,
        "duration" : 712
      },
      "status" : "passed",
      "steps" : [ ],
      "attachments" : [ ],
      "parameters" : [ {
        "name" : "account",
        "value" : "'admin'"
      }, {
        "name" : "password",
        "value" : "'admin123'"
      }, {
        "name" : "verification_code",
        "value" : "'1111'"
      } ],
      "stepsCount" : 0,
      "attachmentsCount" : 0,
      "shouldDisplayMessage" : false,
      "hasContent" : true
    }, {
      "name" : "步骤3：点击登录按钮",
      "time" : {
        "start" : 1577327103079,
        "stop" : 1577327103160,
        "duration" : 81
      },
      "status" : "passed",
      "steps" : [ ],
      "attachments" : [ ],
      "parameters" : [ ],
      "stepsCount" : 0,
      "attachmentsCount" : 0,
      "shouldDisplayMessage" : false,
      "hasContent" : false
    } ],
    "attachments" : [ ],
    "parameters" : [ ],
    "stepsCount" : 3,
    "attachmentsCount" : 0,
    "shouldDisplayMessage" : false,
    "hasContent" : true
  }, {
    "name" : "database_base_configuration",
    "time" : {
      "start" : 1577327097447,
      "stop" : 1577327097720,
      "duration" : 273
    },
    "status" : "passed",
    "steps" : [ {
      "name" : "清空数据库",
      "time" : {
        "start" : 1577327097447,
        "stop" : 1577327097533,
        "duration" : 86
      },
      "status" : "passed",
      "steps" : [ ],
      "attachments" : [ ],
      "parameters" : [ ],
      "stepsCount" : 0,
      "attachmentsCount" : 0,
      "shouldDisplayMessage" : false,
      "hasContent" : false
    }, {
      "name" : "新增基础数据",
      "time" : {
        "start" : 1577327097534,
        "stop" : 1577327097720,
        "duration" : 186
      },
      "status" : "passed",
      "steps" : [ ],
      "attachments" : [ ],
      "parameters" : [ ],
      "stepsCount" : 0,
      "attachmentsCount" : 0,
      "shouldDisplayMessage" : false,
      "hasContent" : false
    } ],
    "attachments" : [ ],
    "parameters" : [ ],
    "stepsCount" : 2,
    "attachmentsCount" : 0,
    "shouldDisplayMessage" : false,
    "hasContent" : true
  }, {
    "name" : "add_user",
    "time" : {
      "start" : 1577327103161,
      "stop" : 1577327105411,
      "duration" : 2250
    },
    "status" : "broken",
    "statusMessage" : "selenium.common.exceptions.WebDriverException: Message: unknown error: Element <button>...</button> is not clickable at point (548, 521). Other element would receive the click: <div class=\"__view\" style=\"position: relative; box-sizing: border-box; min-width: 100%; min-height: 100%; width: -webkit-fit-content;\">...</div>\n  (Session info: chrome=79.0.3945.88)\n  (Driver info: chromedriver=2.44.609545 (c2f88692e98ce7233d2df7c724465ecacfe74df5),platform=Mac OS X 10.14.0 x86_64)\n\n",
    "statusTrace" : "  File \"/Users/kouhui/Documents/python/ui-automation/venv/lib/python3.6/site-packages/pluggy/callers.py\", line 187, in _multicall\n    res = hook_impl.function(*args)\n  File \"/Users/kouhui/Documents/python/ui-automation/venv/lib/python3.6/site-packages/_pytest/fixtures.py\", line 957, in pytest_fixture_setup\n    result = call_fixture_func(fixturefunc, request, kwargs)\n  File \"/Users/kouhui/Documents/python/ui-automation/venv/lib/python3.6/site-packages/_pytest/fixtures.py\", line 787, in call_fixture_func\n    res = fixturefunc(**kwargs)\n  File \"/Users/kouhui/Desktop/automatic/ui-automatic/test_cases/test_user_management/conftest.py\", line 45, in add_user\n    state_add_user_management_class.confirm()\n  File \"/Users/kouhui/Documents/python/ui-automation/venv/lib/python3.6/site-packages/allure_commons/_allure.py\", line 157, in impl\n    return func(*a, **kw)\n  File \"/Users/kouhui/Desktop/automatic/ui-automatic/OperationalLayer/UserManagement/userManagementAddOperate.py\", line 32, in confirm\n    self.click(UserManagementElement.add_user_confirm_button)\n  File \"/Users/kouhui/Desktop/automatic/ui-automatic/Base/base.py\", line 51, in click\n    ele.click()\n  File \"/Users/kouhui/Documents/python/ui-automation/venv/lib/python3.6/site-packages/selenium/webdriver/remote/webelement.py\", line 80, in click\n    self._execute(Command.CLICK_ELEMENT)\n  File \"/Users/kouhui/Documents/python/ui-automation/venv/lib/python3.6/site-packages/selenium/webdriver/remote/webelement.py\", line 633, in _execute\n    return self._parent.execute(command, params)\n  File \"/Users/kouhui/Documents/python/ui-automation/venv/lib/python3.6/site-packages/selenium/webdriver/remote/webdriver.py\", line 321, in execute\n    self.error_handler.check_response(response)\n  File \"/Users/kouhui/Documents/python/ui-automation/venv/lib/python3.6/site-packages/selenium/webdriver/remote/errorhandler.py\", line 242, in check_response\n    raise exception_class(message, screen, stacktrace)\n",
    "steps" : [ {
      "name" : "点击用户管理",
      "time" : {
        "start" : 1577327103161,
        "stop" : 1577327104532,
        "duration" : 1371
      },
      "status" : "passed",
      "steps" : [ ],
      "attachments" : [ ],
      "parameters" : [ ],
      "stepsCount" : 0,
      "attachmentsCount" : 0,
      "shouldDisplayMessage" : false,
      "hasContent" : false
    }, {
      "name" : "1.点击添加2.输入编号3.输入姓名4.输入账号",
      "time" : {
        "start" : 1577327104533,
        "stop" : 1577327105135,
        "duration" : 602
      },
      "status" : "passed",
      "steps" : [ ],
      "attachments" : [ ],
      "parameters" : [ {
        "name" : "serial_number",
        "value" : "'1'"
      }, {
        "name" : "name",
        "value" : "'tester'"
      }, {
        "name" : "account",
        "value" : "'test111'"
      } ],
      "stepsCount" : 0,
      "attachmentsCount" : 0,
      "shouldDisplayMessage" : false,
      "hasContent" : true
    }, {
      "name" : "选择所属机构",
      "time" : {
        "start" : 1577327105135,
        "stop" : 1577327105325,
        "duration" : 190
      },
      "status" : "passed",
      "steps" : [ ],
      "attachments" : [ ],
      "parameters" : [ ],
      "stepsCount" : 0,
      "attachmentsCount" : 0,
      "shouldDisplayMessage" : false,
      "hasContent" : false
    }, {
      "name" : "点击确定",
      "time" : {
        "start" : 1577327105326,
        "stop" : 1577327105402,
        "duration" : 76
      },
      "status" : "broken",
      "statusMessage" : "selenium.common.exceptions.WebDriverException: Message: unknown error: Element <button>...</button> is not clickable at point (548, 521). Other element would receive the click: <div class=\"__view\" style=\"position: relative; box-sizing: border-box; min-width: 100%; min-height: 100%; width: -webkit-fit-content;\">...</div>\n  (Session info: chrome=79.0.3945.88)\n  (Driver info: chromedriver=2.44.609545 (c2f88692e98ce7233d2df7c724465ecacfe74df5),platform=Mac OS X 10.14.0 x86_64)\n\n",
      "statusTrace" : "  File \"/Users/kouhui/Documents/python/ui-automation/venv/lib/python3.6/site-packages/allure_commons/_allure.py\", line 157, in impl\n    return func(*a, **kw)\n  File \"/Users/kouhui/Desktop/automatic/ui-automatic/OperationalLayer/UserManagement/userManagementAddOperate.py\", line 32, in confirm\n    self.click(UserManagementElement.add_user_confirm_button)\n  File \"/Users/kouhui/Desktop/automatic/ui-automatic/Base/base.py\", line 51, in click\n    ele.click()\n  File \"/Users/kouhui/Documents/python/ui-automation/venv/lib/python3.6/site-packages/selenium/webdriver/remote/webelement.py\", line 80, in click\n    self._execute(Command.CLICK_ELEMENT)\n  File \"/Users/kouhui/Documents/python/ui-automation/venv/lib/python3.6/site-packages/selenium/webdriver/remote/webelement.py\", line 633, in _execute\n    return self._parent.execute(command, params)\n  File \"/Users/kouhui/Documents/python/ui-automation/venv/lib/python3.6/site-packages/selenium/webdriver/remote/webdriver.py\", line 321, in execute\n    self.error_handler.check_response(response)\n  File \"/Users/kouhui/Documents/python/ui-automation/venv/lib/python3.6/site-packages/selenium/webdriver/remote/errorhandler.py\", line 242, in check_response\n    raise exception_class(message, screen, stacktrace)\n",
      "steps" : [ ],
      "attachments" : [ ],
      "parameters" : [ ],
      "stepsCount" : 0,
      "attachmentsCount" : 0,
      "shouldDisplayMessage" : true,
      "hasContent" : true
    } ],
    "attachments" : [ ],
    "parameters" : [ ],
    "stepsCount" : 4,
    "attachmentsCount" : 0,
    "shouldDisplayMessage" : false,
    "hasContent" : true
  }, {
    "name" : "state_add_user_management_class",
    "time" : {
      "start" : 1577327103161,
      "stop" : 1577327103161,
      "duration" : 0
    },
    "status" : "passed",
    "steps" : [ ],
    "attachments" : [ ],
    "parameters" : [ ],
    "stepsCount" : 0,
    "attachmentsCount" : 0,
    "shouldDisplayMessage" : false,
    "hasContent" : false
  }, {
    "name" : "state_login_class",
    "time" : {
      "start" : 1577327101292,
      "stop" : 1577327101292,
      "duration" : 0
    },
    "status" : "passed",
    "steps" : [ ],
    "attachments" : [ ],
    "parameters" : [ ],
    "stepsCount" : 0,
    "attachmentsCount" : 0,
    "shouldDisplayMessage" : false,
    "hasContent" : false
  } ],
  "testStage" : {
    "description" : "\n        用例描述：修改用户姓名，正常修改\n        :return:\n        ",
    "status" : "broken",
    "statusMessage" : "selenium.common.exceptions.WebDriverException: Message: unknown error: Element <button>...</button> is not clickable at point (548, 521). Other element would receive the click: <div class=\"__view\" style=\"position: relative; box-sizing: border-box; min-width: 100%; min-height: 100%; width: -webkit-fit-content;\">...</div>\n  (Session info: chrome=79.0.3945.88)\n  (Driver info: chromedriver=2.44.609545 (c2f88692e98ce7233d2df7c724465ecacfe74df5),platform=Mac OS X 10.14.0 x86_64)",
    "statusTrace" : "state_add_user_management_class = <OperationalLayer.UserManagement.userManagementAddOperate.UserManagementAddOperate object at 0x109bcacf8>\n\n    @pytest.fixture()\n    def add_user(state_add_user_management_class):\n        state_add_user_management_class.click_user_management()\n        state_add_user_management_class.add_user(modify_user_name_data.modify_user_name_data['serial_num'],\n                                                 modify_user_name_data.modify_user_name_data['name'],\n                                                 modify_user_name_data.modify_user_name_data['account'])\n        state_add_user_management_class.choose_organization()\n>       state_add_user_management_class.confirm()\n\ntest_cases/test_user_management/conftest.py:45: \n_ _ _ _ _ _ _ _ _ _ _ _ _ _ _ _ _ _ _ _ _ _ _ _ _ _ _ _ _ _ _ _ _ _ _ _ _ _ _ _ _ _ _ _ _ _ _ _ _ _ _ _ _ _ _ _ _ _ _ _ _ _ _ _ _ _ _ _ _ _ _ _ _ _ _ _ _ _ _ _ _ _ _ _ _ _ _ _ _ _ _ _ _ _ _ _ _\nOperationalLayer/UserManagement/userManagementAddOperate.py:32: in confirm\n    self.click(UserManagementElement.add_user_confirm_button)\nBase/base.py:51: in click\n    ele.click()\n../../../Documents/python/ui-automation/venv/lib/python3.6/site-packages/selenium/webdriver/remote/webelement.py:80: in click\n    self._execute(Command.CLICK_ELEMENT)\n../../../Documents/python/ui-automation/venv/lib/python3.6/site-packages/selenium/webdriver/remote/webelement.py:633: in _execute\n    return self._parent.execute(command, params)\n../../../Documents/python/ui-automation/venv/lib/python3.6/site-packages/selenium/webdriver/remote/webdriver.py:321: in execute\n    self.error_handler.check_response(response)\n_ _ _ _ _ _ _ _ _ _ _ _ _ _ _ _ _ _ _ _ _ _ _ _ _ _ _ _ _ _ _ _ _ _ _ _ _ _ _ _ _ _ _ _ _ _ _ _ _ _ _ _ _ _ _ _ _ _ _ _ _ _ _ _ _ _ _ _ _ _ _ _ _ _ _ _ _ _ _ _ _ _ _ _ _ _ _ _ _ _ _ _ _ _ _ _ _\n\nself = <selenium.webdriver.remote.errorhandler.ErrorHandler object at 0x109bdb748>\nresponse = {'sessionId': 'c15400daa2785feb8cb13842db6bb9d6', 'status': 13, 'value': {'message': 'unknown error: Element <button>.... (Driver info: chromedriver=2.44.609545 (c2f88692e98ce7233d2df7c724465ecacfe74df5),platform=Mac OS X 10.14.0 x86_64)'}}\n\n    def check_response(self, response):\n        \"\"\"\n        Checks that a JSON response from the WebDriver does not have an error.\n    \n        :Args:\n         - response - The JSON response from the WebDriver server as a dictionary\n           object.\n    \n        :Raises: If the response contains an error message.\n        \"\"\"\n        status = response.get('status', None)\n        if status is None or status == ErrorCode.SUCCESS:\n            return\n        value = None\n        message = response.get(\"message\", \"\")\n        screen = response.get(\"screen\", \"\")\n        stacktrace = None\n        if isinstance(status, int):\n            value_json = response.get('value', None)\n            if value_json and isinstance(value_json, basestring):\n                import json\n                try:\n                    value = json.loads(value_json)\n                    if len(value.keys()) == 1:\n                        value = value['value']\n                    status = value.get('error', None)\n                    if status is None:\n                        status = value[\"status\"]\n                        message = value[\"value\"]\n                        if not isinstance(message, basestring):\n                            value = message\n                            message = message.get('message')\n                    else:\n                        message = value.get('message', None)\n                except ValueError:\n                    pass\n    \n        exception_class = ErrorInResponseException\n        if status in ErrorCode.NO_SUCH_ELEMENT:\n            exception_class = NoSuchElementException\n        elif status in ErrorCode.NO_SUCH_FRAME:\n            exception_class = NoSuchFrameException\n        elif status in ErrorCode.NO_SUCH_WINDOW:\n            exception_class = NoSuchWindowException\n        elif status in ErrorCode.STALE_ELEMENT_REFERENCE:\n            exception_class = StaleElementReferenceException\n        elif status in ErrorCode.ELEMENT_NOT_VISIBLE:\n            exception_class = ElementNotVisibleException\n        elif status in ErrorCode.INVALID_ELEMENT_STATE:\n            exception_class = InvalidElementStateException\n        elif status in ErrorCode.INVALID_SELECTOR \\\n                or status in ErrorCode.INVALID_XPATH_SELECTOR \\\n                or status in ErrorCode.INVALID_XPATH_SELECTOR_RETURN_TYPER:\n            exception_class = InvalidSelectorException\n        elif status in ErrorCode.ELEMENT_IS_NOT_SELECTABLE:\n            exception_class = ElementNotSelectableException\n        elif status in ErrorCode.ELEMENT_NOT_INTERACTABLE:\n            exception_class = ElementNotInteractableException\n        elif status in ErrorCode.INVALID_COOKIE_DOMAIN:\n            exception_class = InvalidCookieDomainException\n        elif status in ErrorCode.UNABLE_TO_SET_COOKIE:\n            exception_class = UnableToSetCookieException\n        elif status in ErrorCode.TIMEOUT:\n            exception_class = TimeoutException\n        elif status in ErrorCode.SCRIPT_TIMEOUT:\n            exception_class = TimeoutException\n        elif status in ErrorCode.UNKNOWN_ERROR:\n            exception_class = WebDriverException\n        elif status in ErrorCode.UNEXPECTED_ALERT_OPEN:\n            exception_class = UnexpectedAlertPresentException\n        elif status in ErrorCode.NO_ALERT_OPEN:\n            exception_class = NoAlertPresentException\n        elif status in ErrorCode.IME_NOT_AVAILABLE:\n            exception_class = ImeNotAvailableException\n        elif status in ErrorCode.IME_ENGINE_ACTIVATION_FAILED:\n            exception_class = ImeActivationFailedException\n        elif status in ErrorCode.MOVE_TARGET_OUT_OF_BOUNDS:\n            exception_class = MoveTargetOutOfBoundsException\n        elif status in ErrorCode.JAVASCRIPT_ERROR:\n            exception_class = JavascriptException\n        elif status in ErrorCode.SESSION_NOT_CREATED:\n            exception_class = SessionNotCreatedException\n        elif status in ErrorCode.INVALID_ARGUMENT:\n            exception_class = InvalidArgumentException\n        elif status in ErrorCode.NO_SUCH_COOKIE:\n            exception_class = NoSuchCookieException\n        elif status in ErrorCode.UNABLE_TO_CAPTURE_SCREEN:\n            exception_class = ScreenshotException\n        elif status in ErrorCode.ELEMENT_CLICK_INTERCEPTED:\n            exception_class = ElementClickInterceptedException\n        elif status in ErrorCode.INSECURE_CERTIFICATE:\n            exception_class = InsecureCertificateException\n        elif status in ErrorCode.INVALID_COORDINATES:\n            exception_class = InvalidCoordinatesException\n        elif status in ErrorCode.INVALID_SESSION_ID:\n            exception_class = InvalidSessionIdException\n        elif status in ErrorCode.UNKNOWN_METHOD:\n            exception_class = UnknownMethodException\n        else:\n            exception_class = WebDriverException\n        if value == '' or value is None:\n            value = response['value']\n        if isinstance(value, basestring):\n            if exception_class == ErrorInResponseException:\n                raise exception_class(response, value)\n            raise exception_class(value)\n        if message == \"\" and 'message' in value:\n            message = value['message']\n    \n        screen = None\n        if 'screen' in value:\n            screen = value['screen']\n    \n        stacktrace = None\n        if 'stackTrace' in value and value['stackTrace']:\n            stacktrace = []\n            try:\n                for frame in value['stackTrace']:\n                    line = self._value_or_default(frame, 'lineNumber', '')\n                    file = self._value_or_default(frame, 'fileName', '<anonymous>')\n                    if line:\n                        file = \"%s:%s\" % (file, line)\n                    meth = self._value_or_default(frame, 'methodName', '<anonymous>')\n                    if 'className' in frame:\n                        meth = \"%s.%s\" % (frame['className'], meth)\n                    msg = \"    at %s (%s)\"\n                    msg = msg % (meth, file)\n                    stacktrace.append(msg)\n            except TypeError:\n                pass\n        if exception_class == ErrorInResponseException:\n            raise exception_class(response, message)\n        elif exception_class == UnexpectedAlertPresentException:\n            alert_text = None\n            if 'data' in value:\n                alert_text = value['data'].get('text')\n            elif 'alert' in value:\n                alert_text = value['alert'].get('text')\n            raise exception_class(message, screen, stacktrace, alert_text)\n>       raise exception_class(message, screen, stacktrace)\nE       selenium.common.exceptions.WebDriverException: Message: unknown error: Element <button>...</button> is not clickable at point (548, 521). Other element would receive the click: <div class=\"__view\" style=\"position: relative; box-sizing: border-box; min-width: 100%; min-height: 100%; width: -webkit-fit-content;\">...</div>\nE         (Session info: chrome=79.0.3945.88)\nE         (Driver info: chromedriver=2.44.609545 (c2f88692e98ce7233d2df7c724465ecacfe74df5),platform=Mac OS X 10.14.0 x86_64)\n\n../../../Documents/python/ui-automation/venv/lib/python3.6/site-packages/selenium/webdriver/remote/errorhandler.py:242: WebDriverException",
    "steps" : [ ],
    "attachments" : [ {
      "uid" : "858c8793d1b0cad9",
      "name" : "stdout",
      "source" : "858c8793d1b0cad9.txt",
      "type" : "text/plain",
      "size" : 1151
    } ],
    "parameters" : [ ],
    "stepsCount" : 0,
    "attachmentsCount" : 1,
    "shouldDisplayMessage" : true,
    "hasContent" : true
  },
  "afterStages" : [ ],
  "labels" : [ {
    "name" : "feature",
    "value" : "成员管理,修改人员"
  }, {
    "name" : "story",
    "value" : "这是一个修改人员名字，账号的case"
  }, {
    "name" : "parentSuite",
    "value" : "test_cases.test_user_management"
  }, {
    "name" : "suite",
    "value" : "test_modify_user"
  }, {
    "name" : "subSuite",
    "value" : "TestModifyUser"
  }, {
    "name" : "host",
    "value" : "kouhuideMacBook-Air.local"
  }, {
    "name" : "thread",
    "value" : "90686-MainThread"
  }, {
    "name" : "framework",
    "value" : "pytest"
  }, {
    "name" : "language",
    "value" : "cpython3"
  }, {
    "name" : "package",
    "value" : "test_cases.test_user_management.test_modify_user"
  }, {
    "name" : "resultFormat",
    "value" : "allure2"
  } ],
  "parameters" : [ ],
  "links" : [ ],
  "hidden" : true,
  "retry" : true,
  "extra" : {
    "categories" : [ ],
    "tags" : [ ]
  },
  "source" : "d6b51eef7fc8fe1c.json",
  "parameterValues" : [ ]
}